<?xml version="1.0" encoding="UTF-8"?>
<testng-results skipped="0" failed="1" ignored="0" total="1" passed="0">
  <reporter-output>
  </reporter-output>
  <suite name="Default suite" duration-ms="1811" started-at="2023-05-17T14:50:12Z" finished-at="2023-05-17T14:50:13Z">
    <groups>
      <group name="cucumber">
        <method signature="AbstractTestNGCucumberTests.feature(cucumber.api.testng.CucumberFeatureWrapper)[pri:0, instance:com.cucumbercraft.runners.RunCucumberTests_WhiplashRegression@3d299e3]" name="feature" class="cucumber.api.testng.AbstractTestNGCucumberTests"/>
      </group> <!-- cucumber -->
    </groups>
    <test name="Default test" duration-ms="1811" started-at="2023-05-17T14:50:12Z" finished-at="2023-05-17T14:50:13Z">
      <class name="com.cucumbercraft.runners.RunCucumberTests_WhiplashRegression">
        <test-method status="PASS" signature="beforeSuite()[pri:0, instance:com.cucumbercraft.runners.RunCucumberTests_WhiplashRegression@3d299e3]" name="beforeSuite" is-config="true" duration-ms="18" started-at="2023-05-17T14:50:12Z" finished-at="2023-05-17T14:50:12Z">
          <reporter-output>
          </reporter-output>
        </test-method> <!-- beforeSuite -->
        <test-method status="PASS" signature="beforeTest(org.testng.ITestContext)[pri:0, instance:com.cucumbercraft.runners.RunCucumberTests_WhiplashRegression@3d299e3]" name="beforeTest" is-config="true" duration-ms="7" started-at="2023-05-17T14:50:12Z" finished-at="2023-05-17T14:50:12Z">
          <params>
            <param index="0">
              <value>
                <![CDATA[org.testng.TestRunner@67fe380b]]>
              </value>
            </param>
          </params>
          <reporter-output>
          </reporter-output>
        </test-method> <!-- beforeTest -->
        <test-method status="PASS" signature="setUpClass()[pri:0, instance:com.cucumbercraft.runners.RunCucumberTests_WhiplashRegression@3d299e3]" name="setUpClass" is-config="true" duration-ms="360" started-at="2023-05-17T14:50:12Z" finished-at="2023-05-17T14:50:12Z">
          <reporter-output>
          </reporter-output>
        </test-method> <!-- setUpClass -->
        <test-method status="PASS" signature="beforeClass()[pri:0, instance:com.cucumbercraft.runners.RunCucumberTests_WhiplashRegression@3d299e3]" name="beforeClass" is-config="true" duration-ms="1" started-at="2023-05-17T14:50:12Z" finished-at="2023-05-17T14:50:12Z">
          <reporter-output>
          </reporter-output>
        </test-method> <!-- beforeClass -->
        <test-method status="FAIL" signature="feature(cucumber.api.testng.CucumberFeatureWrapper)[pri:0, instance:com.cucumbercraft.runners.RunCucumberTests_WhiplashRegression@3d299e3]" name="feature" duration-ms="825" started-at="2023-05-17T14:50:12Z" description="Runs Cucumber Feature" data-provider="features" finished-at="2023-05-17T14:50:13Z">
          <params>
            <param index="0">
              <value>
                <![CDATA[poc]]>
              </value>
            </param>
          </params>
          <exception class="cucumber.runtime.CucumberException">
            <message>
              <![CDATA[java.lang.NullPointerException]]>
            </message>
            <full-stacktrace>
              <![CDATA[cucumber.runtime.CucumberException: java.lang.NullPointerException
at cucumber.api.testng.TestNGCucumberRunner.runCucumber(TestNGCucumberRunner.java:69)
at cucumber.api.testng.AbstractTestNGCucumberTests.feature(AbstractTestNGCucumberTests.java:21)
at sun.reflect.NativeMethodAccessorImpl.invoke0(Native Method)
at sun.reflect.NativeMethodAccessorImpl.invoke(Unknown Source)
at sun.reflect.DelegatingMethodAccessorImpl.invoke(Unknown Source)
at java.lang.reflect.Method.invoke(Unknown Source)
at org.testng.internal.MethodInvocationHelper.invokeMethod(MethodInvocationHelper.java:124)
at org.testng.internal.Invoker.invokeMethod(Invoker.java:583)
at org.testng.internal.Invoker.invokeTestMethod(Invoker.java:719)
at org.testng.internal.Invoker.invokeTestMethods(Invoker.java:989)
at org.testng.internal.TestMethodWorker.invokeTestMethods(TestMethodWorker.java:125)
at org.testng.internal.TestMethodWorker.run(TestMethodWorker.java:109)
at org.testng.TestRunner.privateRun(TestRunner.java:648)
at org.testng.TestRunner.run(TestRunner.java:505)
at org.testng.SuiteRunner.runTest(SuiteRunner.java:455)
at org.testng.SuiteRunner.runSequentially(SuiteRunner.java:450)
at org.testng.SuiteRunner.privateRun(SuiteRunner.java:415)
at org.testng.SuiteRunner.run(SuiteRunner.java:364)
at org.testng.SuiteRunnerWorker.runSuite(SuiteRunnerWorker.java:52)
at org.testng.SuiteRunnerWorker.run(SuiteRunnerWorker.java:84)
at org.testng.TestNG.runSuitesSequentially(TestNG.java:1208)
at org.testng.TestNG.runSuitesLocally(TestNG.java:1137)
at org.testng.TestNG.runSuites(TestNG.java:1049)
at org.testng.TestNG.run(TestNG.java:1017)
at org.testng.remote.AbstractRemoteTestNG.run(AbstractRemoteTestNG.java:114)
at org.testng.remote.RemoteTestNG.initAndRun(RemoteTestNG.java:251)
at org.testng.remote.RemoteTestNG.main(RemoteTestNG.java:77)
Caused by: java.lang.NullPointerException
at com.cucumbercraft.framework.TestHarness.invokeDriver(TestHarness.java:38)
at com.cucumbercraft.stepdefinitions.CukeHooks.setUp(CukeHooks.java:32)
at sun.reflect.NativeMethodAccessorImpl.invoke0(Native Method)
at sun.reflect.NativeMethodAccessorImpl.invoke(Unknown Source)
at sun.reflect.DelegatingMethodAccessorImpl.invoke(Unknown Source)
at java.lang.reflect.Method.invoke(Unknown Source)
at cucumber.runtime.Utils$1.call(Utils.java:40)
at cucumber.runtime.Timeout.timeout(Timeout.java:16)
at cucumber.runtime.Utils.invoke(Utils.java:34)
at cucumber.runtime.java.JavaHookDefinition.execute(JavaHookDefinition.java:60)
at cucumber.runtime.Runtime.runHookIfTagsMatch(Runtime.java:224)
at cucumber.runtime.Runtime.runHooks(Runtime.java:212)
at cucumber.runtime.Runtime.runBeforeHooks(Runtime.java:202)
at cucumber.runtime.model.CucumberScenario.run(CucumberScenario.java:40)
at cucumber.runtime.model.CucumberScenarioOutline.run(CucumberScenarioOutline.java:46)
at cucumber.runtime.model.CucumberFeature.run(CucumberFeature.java:165)
at cucumber.api.testng.TestNGCucumberRunner.runCucumber(TestNGCucumberRunner.java:63)
... 26 more
]]>
            </full-stacktrace>
          </exception> <!-- cucumber.runtime.CucumberException -->
          <reporter-output>
          </reporter-output>
        </test-method> <!-- feature -->
        <test-method status="PASS" signature="afterClass()[pri:0, instance:com.cucumbercraft.runners.RunCucumberTests_WhiplashRegression@3d299e3]" name="afterClass" is-config="true" duration-ms="6" started-at="2023-05-17T14:50:13Z" finished-at="2023-05-17T14:50:13Z">
          <reporter-output>
          </reporter-output>
        </test-method> <!-- afterClass -->
        <test-method status="PASS" signature="tearDownClass()[pri:0, instance:com.cucumbercraft.runners.RunCucumberTests_WhiplashRegression@3d299e3]" name="tearDownClass" is-config="true" duration-ms="492" started-at="2023-05-17T14:50:13Z" finished-at="2023-05-17T14:50:13Z">
          <reporter-output>
          </reporter-output>
        </test-method> <!-- tearDownClass -->
        <test-method status="PASS" signature="afterTest()[pri:0, instance:com.cucumbercraft.runners.RunCucumberTests_WhiplashRegression@3d299e3]" name="afterTest" is-config="true" duration-ms="0" started-at="2023-05-17T14:50:13Z" finished-at="2023-05-17T14:50:13Z">
          <reporter-output>
          </reporter-output>
        </test-method> <!-- afterTest -->
        <test-method status="PASS" signature="afterSuite()[pri:0, instance:com.cucumbercraft.runners.RunCucumberTests_WhiplashRegression@3d299e3]" name="afterSuite" is-config="true" duration-ms="225" started-at="2023-05-17T14:50:13Z" finished-at="2023-05-17T14:50:14Z">
          <reporter-output>
          </reporter-output>
        </test-method> <!-- afterSuite -->
      </class> <!-- com.cucumbercraft.runners.RunCucumberTests_WhiplashRegression -->
    </test> <!-- Default test -->
  </suite> <!-- Default suite -->
</testng-results>
